<?xml version="1.0" encoding="UTF-8"?>
<!-- Generated by org.testng.reporters.JUnitXMLReporter -->
<testsuite ignored="0" hostname="DESKTOP-JJRCSR3" failures="0" tests="3" name="Default test" time="16.012" errors="0" timestamp="2023-10-31T20:02:25 IST">
  <testcase classname="com.obsqura.test.AddAdminUserTest" name="addAdminUser" time="4.332"/>
  <testcase classname="com.obsqura.test.AddAdminUserTest" name="addExistingUser" time="3.332"/>
  <testcase classname="com.obsqura.test.AddAdminUserTest" name="searchUser" time="3.96"/>
</testsuite> <!-- Default test -->
