<?xml version="1.0" encoding="UTF-8"?>
<!-- Generated by org.testng.reporters.JUnitXMLReporter -->
<testsuite ignored="0" hostname="DESKTOP-JJRCSR3" failures="0" tests="3" name="Test1" time="7.702" errors="0" timestamp="2023-11-01T19:48:51 IST">
  <testcase classname="com.obsqura.test.LoginTest" name="incorrectLoginTest" time="0.952"/>
  <testcase classname="com.obsqura.test.LoginTest" name="incorrectLoginTest" time="0.643"/>
  <testcase classname="com.obsqura.test.LoginTest" name="loginTest" time="0.653"/>
</testsuite> <!-- Test1 -->
