<?xml version="1.0" encoding="UTF-8"?>
<!-- Generated by org.testng.reporters.JUnitXMLReporter -->
<testsuite ignored="0" hostname="DESKTOP-JJRCSR3" failures="0" tests="4" name="Test3" time="51.26" errors="0" timestamp="2023-11-01T19:49:59 IST">
  <testcase classname="com.obsqura.test.CreateDeleteEditExpenseTest" name="createExpense" time="9.429"/>
  <testcase classname="com.obsqura.test.CreateDeleteEditExpenseTest" name="editExpense" time="17.199"/>
  <testcase classname="com.obsqura.test.CreateDeleteEditExpenseTest" name="deleteExpense" time="12.294"/>
  <testcase classname="com.obsqura.test.CreateDeleteEditExpenseTest" name="invalidInputTest" time="9.552"/>
</testsuite> <!-- Test3 -->
