<?xml version="1.0" encoding="UTF-8"?>
<!-- Generated by org.testng.reporters.JUnitXMLReporter -->
<testsuite ignored="4" hostname="DESKTOP-JJRCSR3" failures="2" tests="3" name="Test" time="7.725" errors="0" timestamp="2023-10-18T00:58:47 IST">
  <testcase classname="com.obsqura.test.LoginTest" name="loginTest" time="0.835"/>
  <testcase classname="com.obsqura.test.AddAdminUSerTest" name="addAdminUser" time="0.004">
    <failure type="java.lang.NullPointerException" message="Cannot invoke &amp;quot;com.obsqura.pages.LoginPage.loginApplication()&amp;quot; because &amp;quot;this.lp&amp;quot; is null">
      <![CDATA[java.lang.NullPointerException: Cannot invoke "com.obsqura.pages.LoginPage.loginApplication()" because "this.lp" is null
at com.obsqura.test.AddAdminUSerTest.addAdminUser(AddAdminUSerTest.java:11)
at java.base/java.util.ArrayList.forEach(ArrayList.java:1511)
... Removed 27 stack frames]]>
    </failure>
  </testcase> <!-- addAdminUser -->
  <testcase classname="com.obsqura.test.CreateDeleteEditExpenseTest" name="ListExpense" time="0.004">
    <failure type="java.lang.NullPointerException" message="Cannot invoke &amp;quot;com.obsqura.pages.LoginPage.loginApplication()&amp;quot; because &amp;quot;this.lp&amp;quot; is null">
      <![CDATA[java.lang.NullPointerException: Cannot invoke "com.obsqura.pages.LoginPage.loginApplication()" because "this.lp" is null
at com.obsqura.test.CreateDeleteEditExpenseTest.ListExpense(CreateDeleteEditExpenseTest.java:13)
at java.base/java.util.ArrayList.forEach(ArrayList.java:1511)
... Removed 27 stack frames]]>
    </failure>
  </testcase> <!-- ListExpense -->
  <testcase classname="com.obsqura.test.BaseTest" name="@BeforeTest initializeDriver" time="0.0">
    <ignored/>
  </testcase> <!-- @BeforeTest initializeDriver -->
  <testcase classname="com.obsqura.test.BaseTest" name="@AfterTest tearDown" time="0.0">
    <ignored/>
  </testcase> <!-- @AfterTest tearDown -->
  <testcase classname="com.obsqura.test.BaseTest" name="@AfterTest tearDown" time="0.0">
    <ignored/>
  </testcase> <!-- @AfterTest tearDown -->
  <testcase classname="com.obsqura.test.BaseTest" name="@BeforeTest initializeDriver" time="0.0">
    <ignored/>
  </testcase> <!-- @BeforeTest initializeDriver -->
</testsuite> <!-- Test -->
