<?xml version="1.0" encoding="UTF-8"?>
<!-- Generated by org.testng.reporters.JUnitXMLReporter -->
<testsuite ignored="0" hostname="DESKTOP-JJRCSR3" failures="0" tests="3" name="Test2" time="16.748" errors="0" timestamp="2023-11-01T19:49:08 IST">
  <testcase classname="com.obsqura.test.AddAdminUserTest" name="addAdminUser" time="5.494"/>
  <testcase classname="com.obsqura.test.AddAdminUserTest" name="addExistingUser" time="3.895"/>
  <testcase classname="com.obsqura.test.AddAdminUserTest" name="searchUser" time="4.432"/>
</testsuite> <!-- Test2 -->
